<?xml version="1.0" encoding="UTF-8"?>
<!-- Generated by org.testng.reporters.JUnitReportReporter -->
<testsuite hostname="Prabin" failures="0" tests="1" name="test.LoginTest" time="3.621" errors="0" timestamp="07 Apr 2022 02:54:40 GMT" skipped="0">
  <testcase classname="test.LoginTest" name="validUserShouldBeAbleToLogin" time="3.621"/>
</testsuite> <!-- test.LoginTest -->
